TN:
SF:/Users/ahuotala/Documents/Evangelista/roi-service-tgbot/src/FileUtils.ts
FN:6,(anonymous_0)
FN:31,(anonymous_2)
FNF:2
FNH:2
FNDA:2,(anonymous_0)
FNDA:2,(anonymous_2)
DA:1,2
DA:2,2
DA:3,0
DA:6,0
DA:7,0
DA:9,0
DA:11,4
DA:18,1
DA:21,1
DA:24,1
DA:31,1
DA:34,1
DA:39,1
DA:42,1
DA:45,1
DA:48,1
DA:51,1
DA:65,2
DA:78,5
DA:80,1
DA:96,0
DA:117,0
LF:22
LH:16
BRF:0
BRH:0
end_of_record
TN:
SF:/Users/ahuotala/Documents/Evangelista/roi-service-tgbot/src/Validators.ts
FN:5,(anonymous_0)
FN:7,(anonymous_1)
FN:9,(anonymous_2)
FN:11,(anonymous_3)
FN:13,(anonymous_4)
FN:34,(anonymous_5)
FN:61,(anonymous_6)
FNF:7
FNH:7
FNDA:58,(anonymous_0)
FNDA:14,(anonymous_1)
FNDA:7,(anonymous_2)
FNDA:7,(anonymous_3)
FNDA:4,(anonymous_4)
FNDA:7,(anonymous_5)
FNDA:4,(anonymous_6)
DA:5,1
DA:6,58
DA:7,1
DA:8,14
DA:9,1
DA:10,7
DA:11,7
DA:13,1
DA:14,4
DA:21,1
DA:29,1
DA:31,2
DA:34,1
DA:35,7
DA:45,2
DA:56,0
DA:58,5
DA:61,1
DA:72,4
DA:84,0
DA:97,1
DA:100,1
DA:102,2
LF:23
LH:21
BRDA:16,0,0,4
BRDA:16,0,1,3
BRDA:16,0,2,3
BRDA:16,0,3,3
BRDA:24,1,0,3
BRDA:24,1,1,2
BRDA:24,1,2,2
BRDA:24,1,3,2
BRDA:37,2,0,7
BRDA:37,2,1,7
BRDA:37,2,2,7
BRDA:37,2,3,7
BRDA:37,2,4,7
BRDA:37,2,5,7
BRDA:37,2,6,7
BRDA:48,3,0,5
BRDA:48,3,1,5
BRDA:48,3,2,5
BRDA:48,3,3,5
BRDA:48,3,4,5
BRDA:48,3,5,5
BRDA:48,3,6,5
BRDA:54,4,0,5
BRDA:54,4,1,4
BRDA:74,5,0,4
BRDA:74,5,1,4
BRDA:74,5,2,4
BRDA:74,5,3,4
BRDA:74,5,4,4
BRDA:74,5,5,4
BRDA:74,5,6,4
BRDA:74,5,7,4
BRDA:74,5,8,4
BRDA:87,6,0,4
BRDA:87,6,1,4
BRDA:87,6,2,4
BRDA:87,6,3,3
BRDA:87,6,4,3
BRDA:87,6,5,3
BRDA:87,6,6,3
BRDA:87,6,7,3
BRDA:87,6,8,3
BRDA:93,7,0,3
BRDA:93,7,1,3
BRDA:99,8,0,3
BRDA:99,8,1,2
BRF:46
BRH:46
end_of_record
TN:
SF:/Users/ahuotala/Documents/Evangelista/roi-service-tgbot/src/logger.ts
FNF:0
FNH:0
DA:1,1
DA:18,1
DA:24,1
LF:3
LH:3
BRF:0
BRH:0
end_of_record
TN:
SF:/Users/ahuotala/Documents/Evangelista/roi-service-tgbot/src/services/JobService.ts
FN:4,(anonymous_7)
FN:4,(anonymous_8)
FNF:2
FNH:0
FNDA:0,(anonymous_7)
FNDA:0,(anonymous_8)
DA:1,1
DA:4,1
DA:5,0
DA:6,0
DA:9,1
LF:5
LH:3
BRF:0
BRH:0
end_of_record
